=====================
Opened log file
=====================
Created pcores directory
=====================
Opened log file
=====================
Xilinx Platform Studio (XPS)
Xilinx EDK 13.4 Build EDK_O.87xd

Xilinx EDK 13.4 Build EDK_O.87xd

Copied /CMC/tools/xilinx/13.4/ISE_DS/EDK/data/xflow/bitgen_spartan3e.ut to etc
directory
Copied file /CMC/tools/xilinx/13.4/ISE_DS/EDK/data/xflow/fast_runtime.opt to etc
directory
Created backup of etc/bitgen.ut to etc/bitgen.ut.virtex5
Copied /CMC/tools/xilinx/13.4/ISE_DS/EDK/data/xflow/bitgen_spartan3e.ut to etc
directory
Created backup of etc/fast_runtime.opt to etc/fast_runtime.opt.virtex5
Copied file /CMC/tools/xilinx/13.4/ISE_DS/EDK/data/xflow/fast_runtime.opt to etc
directory
No changes to be saved in MHS file
Saved project XMP file
Saved Make file
Xilinx Platform Studio (XPS)
Xilinx EDK 13.4 Build EDK_O.87xd
Copyright (c) 1995-2011 Xilinx, Inc.  All rights reserved.

Writing filter settings....
Done writing filter settings to:
	/home/student2/j6dai/coe758/pong/kl/etc/kl.filters
Done writing Tab View settings to:
	/home/student2/j6dai/coe758/pong/kl/etc/kl.gui
=====================
Opened log file
=====================
=====================
Opened log file
=====================
Xilinx Platform Studio (XPS)
Xilinx EDK 13.4 Build EDK_O.87xd

Xilinx EDK 13.4 Build EDK_O.87xd

No changes to be saved in MHS file
Saved project XMP file
Saved Make file
